
RCS file: RCS/ccomm-3D.ch,v
Working file: ccomm-3D.ch
head: 1.2
branch:
locks: strict
access list:
symbolic names:
keyword substitution: kv
total revisions: 2;	selected revisions: 2
description:
----------------------------
revision 1.2
date: 2005/12/01 18:16:24;  author: lfinsto1;  state: Exp;  lines: +4 -1
LDF 2005.12.01.

No significant changes.
----------------------------
revision 1.1
date: 2005/01/14 11:25:55;  author: lfinsto1;  state: Exp;
Initial revision
=============================================================================
