
RCS file: RCS/ctang-3D.ch,v
Working file: ctang-3D.ch
head: 1.4
branch:
locks: strict
access list:
symbolic names:
keyword substitution: kv
total revisions: 4;	selected revisions: 4
description:
----------------------------
revision 1.4
date: 2005/01/14 17:06:18;  author: lfinsto1;  state: Exp;  lines: +2 -2
LDF 2005.01.14.

Raised `max_toks' from 750000 to 1000000.
----------------------------
revision 1.3
date: 2005/01/14 11:35:05;  author: lfinsto1;  state: Exp;  lines: +7 -1
LDF 2005.01.14.

Added change lines for `max_names' and `max_texts'.
Raised them both to the maximum value 10239.
----------------------------
revision 1.2
date: 2004/12/21 18:47:02;  author: lfinsto1;  state: Exp;  lines: +2 -2
LDF 2004.12.21.

Raised the value of `max_toks' from 540000 to 750000.
----------------------------
revision 1.1
date: 2004/11/22 12:42:56;  author: lfinsto1;  state: Exp;
Initial revision
=============================================================================
